c:\users\abdul\source\repos\finalproject\finalproject\debug\vc141.pdb
c:\users\abdul\source\repos\finalproject\finalproject\debug\vc141.idb
c:\users\abdul\source\repos\finalproject\finalproject\debug\card.obj
c:\users\abdul\source\repos\finalproject\finalproject\debug\finalproject.obj
c:\users\abdul\source\repos\finalproject\finalproject\debug\player.obj
c:\users\abdul\source\repos\finalproject\finalproject\debug\rewarddeck.obj
c:\users\abdul\source\repos\finalproject\finalproject\debug\reward.obj
c:\users\abdul\source\repos\finalproject\finalproject\debug\deck.obj
c:\users\abdul\source\repos\finalproject\finalproject\debug\carddeck.obj
c:\users\abdul\source\repos\finalproject\debug\finalproject.exe
c:\users\abdul\source\repos\finalproject\debug\finalproject.ilk
c:\users\abdul\source\repos\finalproject\debug\finalproject.pdb
c:\users\abdul\source\repos\finalproject\finalproject\debug\finalproject.tlog\cl.command.1.tlog
c:\users\abdul\source\repos\finalproject\finalproject\debug\finalproject.tlog\cl.read.1.tlog
c:\users\abdul\source\repos\finalproject\finalproject\debug\finalproject.tlog\cl.write.1.tlog
c:\users\abdul\source\repos\finalproject\finalproject\debug\finalproject.tlog\link-cvtres.read.1.tlog
c:\users\abdul\source\repos\finalproject\finalproject\debug\finalproject.tlog\link-cvtres.write.1.tlog
c:\users\abdul\source\repos\finalproject\finalproject\debug\finalproject.tlog\link-rc.read.1.tlog
c:\users\abdul\source\repos\finalproject\finalproject\debug\finalproject.tlog\link-rc.write.1.tlog
c:\users\abdul\source\repos\finalproject\finalproject\debug\finalproject.tlog\link.58148-cvtres.read.1.tlog
c:\users\abdul\source\repos\finalproject\finalproject\debug\finalproject.tlog\link.58148-cvtres.write.1.tlog
c:\users\abdul\source\repos\finalproject\finalproject\debug\finalproject.tlog\link.58148-rc.read.1.tlog
c:\users\abdul\source\repos\finalproject\finalproject\debug\finalproject.tlog\link.58148-rc.write.1.tlog
c:\users\abdul\source\repos\finalproject\finalproject\debug\finalproject.tlog\link.58148.read.1.tlog
c:\users\abdul\source\repos\finalproject\finalproject\debug\finalproject.tlog\link.58148.write.1.tlog
c:\users\abdul\source\repos\finalproject\finalproject\debug\finalproject.tlog\link.command.1.tlog
c:\users\abdul\source\repos\finalproject\finalproject\debug\finalproject.tlog\link.read.1.tlog
c:\users\abdul\source\repos\finalproject\finalproject\debug\finalproject.tlog\link.write.1.tlog
